Arguments: 
  C:\Program Files\nodejs\node.exe C:\Users\Administrator\AppData\Roaming\npm\node_modules\yarn\bin\yarn.js add redux

PATH: 
  C:\Python27\;C:\Python27\Scripts;C:\Windows\system32;C:\Windows;C:\Windows\System32\Wbem;C:\Windows\System32\WindowsPowerShell\v1.0\;C:\Windows\System32\OpenSSH\;C:\Program Files\Git\cmd;C:\Program Files\nodejs\;C:\ProgramData\chocolatey\bin;C:\Users\Administrator\AppData\Local\Microsoft\WindowsApps;;c:\program files\esafenet\cobra docguard client;C:\Users\Administrator\AppData\Local\Programs\Microsoft VS Code\bin;C:\Users\Administrator\AppData\Roaming\npm

Yarn version: 
  1.22.4

Node version: 
  12.16.1

Platform: 
  win32 x64

Trace: 
  Error: EPERM: operation not permitted, unlink 'D:\star_an_react\node_modules\node-sass\vendor\win32-x64-72\binding.node'

npm manifest: 
  {
    "name": "webpack-senior",
    "version": "1.0.0",
    "description": "",
    "main": "webpack.config.js",
    "scripts": {
      "test": "echo \"Error: no test specified\" && exit 1",
      "dev": "webpack-dev-server --open --port 8088 --hot",
      "pub": "webpack --config webpack.pub.config.js"
    },
    "keywords": [],
    "author": "",
    "license": "ISC",
    "dependencies": {
      "antd": "^2.13.10",
      "axios": "^0.19.2",
      "fetch-jsonp": "^1.1.3",
      "jquery": "^3.2.1",
      "prop-types": "^15.6.0",
      "react": "^16.1.1",
      "react-dom": "^16.1.1",
      "react-router-dom": "^4.2.2",
      "redux": "^4.0.5"
    },
    "devDependencies": {
      "babel-core": "^6.26.0",
      "babel-loader": "^7.1.2",
      "babel-plugin-import": "^1.6.2",
      "babel-plugin-transform-runtime": "^6.23.0",
      "babel-preset-env": "^1.6.1",
      "babel-preset-react": "^6.24.1",
      "babel-preset-stage-0": "^6.24.1",
      "clean-webpack-plugin": "^0.1.17",
      "css-loader": "^0.28.7",
      "extract-text-webpack-plugin": "^3.0.2",
      "file-loader": "^1.1.5",
      "html-webpack-plugin": "^2.30.1",
      "less": "^3.11.1",
      "less-loader": "^5.0.0",
      "node-sass": "^4.6.0",
      "optimize-css-assets-webpack-plugin": "^3.2.0",
      "sass-loader": "^6.0.6",
      "style-loader": "^0.19.0",
      "url-loader": "^0.6.2",
      "webpack": "^3.8.1",
      "webpack-dev-server": "^2.9.4"
    }
  }

yarn manifest: 
  No manifest

Lockfile: 
  No lockfile
